
> crime-location-reporting-system@0.1.0 dev /home/angelis/NodeProjects/crime-location-reporting-system
> next dev

▲ Next.js 16.2.10 (Turbopack)
- Local:         http://localhost:3000
- Network:       http://10.60.164.82:3000
- Environments: .env
✓ Ready in 256ms
⚠ Warning: Next.js inferred your workspace root, but it may not be correct.
 We detected multiple lockfiles and selected the directory of /home/angelis/package-lock.json as the root directory.
 To silence this warning, set `turbopack.root` in your Next.js config, or consider removing one of the lockfiles if it's not needed.
   See https://nextjs.org/docs/app/api-reference/config/next-config-js/turbopack#root-directory for more information.
 Detected additional lockfiles: 
   * /home/angelis/NodeProjects/crime-location-reporting-system/pnpm-workspace.yaml

⚠ The "middleware" file convention is deprecated. Please use "proxy" instead. Learn more: https://nextjs.org/docs/messages/middleware-to-proxy

⚠ Unsupported metadata themeColor is configured in metadata export in /. Please move it to viewport export instead.
Read more: https://nextjs.org/docs/app/api-reference/functions/generate-viewport
 GET / 200 in 315ms (next.js: 153ms, application-code: 162ms)
✓ Compiled in 557ms
 ELIFECYCLE  Command failed.
[?25h
